Added Component: Designator=J1(MOLEX-2)
Added Component: Designator=J2(MOLEX-3)
Added Component: Designator=P1(PTV111-3)
Added Component: Designator=P2(PTV111-3)
Added Component: Designator=P3(PTV111-3)
Added Pin To Net: NetName=+3V3 Pin=J1-2
Added Pin To Net: NetName=+3V3 Pin=P1-1
Added Pin To Net: NetName=+3V3 Pin=P2-1
Added Pin To Net: NetName=+3V3 Pin=P3-1
Added Net: Name=+3V3
Added Pin To Net: NetName=GND Pin=J1-1
Added Pin To Net: NetName=GND Pin=P1-3
Added Pin To Net: NetName=GND Pin=P2-3
Added Pin To Net: NetName=GND Pin=P3-3
Added Net: Name=GND
Added Pin To Net: NetName=POT1 Pin=J2-3
Added Pin To Net: NetName=POT1 Pin=P1-2
Added Net: Name=POT1
Added Pin To Net: NetName=POT2 Pin=J2-2
Added Pin To Net: NetName=POT2 Pin=P2-2
Added Net: Name=POT2
Added Pin To Net: NetName=POT3 Pin=J2-1
Added Pin To Net: NetName=POT3 Pin=P3-2
Added Net: Name=POT3
Added Class: Name=PoteBoard_top
